[rank: 0] Seed set to 27
Error executing job with overrides: []
Traceback (most recent call last):
  File "/scratch2/nlp/zhuxuekai/reasoning_flow/baselines/gfn_ntp_v0.1/proof_flow/scripts/gfn_tuning/train.py", line 45, in train
    task, data, trainer = train_setup(config)
  File "/scratch2/nlp/zhuxuekai/reasoning_flow/baselines/gfn_ntp_v0.1/proof_flow/scripts/gfn_tuning/train.py", line 58, in train_setup
    data.setup("fit")
  File "/scratch2/nlp/zhuxuekai/reasoning_flow/baselines/gfn_ntp_v0.1/proof_flow/src/gfn_tuning/lean_data_module.py", line 61, in setup
    self._get_theorems_from_file(self.hparams.train_data_path)
  File "/scratch2/nlp/zhuxuekai/reasoning_flow/baselines/gfn_ntp_v0.1/proof_flow/src/gfn_tuning/lean_data_module.py", line 91, in _get_theorems_from_file
    with open(repo_root() / path) as f:
  File "/scratch2/nlp/zhuxuekai/reasoning_flow/baselines/gfn_ntp_v0.1/proof_flow/src/utils.py", line 45, in repo_root
    config = get_config()
  File "/scratch2/nlp/zhuxuekai/reasoning_flow/baselines/gfn_ntp_v0.1/proof_flow/src/utils.py", line 38, in get_config
    with hydra.initialize(config_path=config_path, version_base=None):
  File "/home/zhuxuekai/miniconda3/envs/reasoning/lib/python3.10/site-packages/hydra/initialize.py", line 91, in __init__
    Hydra.create_main_hydra_file_or_module(
  File "/home/zhuxuekai/miniconda3/envs/reasoning/lib/python3.10/site-packages/hydra/_internal/hydra.py", line 53, in create_main_hydra_file_or_module
    return Hydra.create_main_hydra2(job_name, config_search_path)
  File "/home/zhuxuekai/miniconda3/envs/reasoning/lib/python3.10/site-packages/hydra/_internal/hydra.py", line 68, in create_main_hydra2
    GlobalHydra.instance().initialize(hydra)
  File "/home/zhuxuekai/miniconda3/envs/reasoning/lib/python3.10/site-packages/hydra/core/global_hydra.py", line 16, in initialize
    raise ValueError(
ValueError: GlobalHydra is already initialized, call GlobalHydra.instance().clear() if you want to re-initialize

Set the environment variable HYDRA_FULL_ERROR=1 for a complete stack trace.
